[2022-10-18T19:59:59.273] [INFO] default - 
  °°°°°°°°°°°°°°°°°°°°°°°°°°°°°°°°°°°°°°°°°°°°

      Running in PORT: :8000      

  °°°°°°°°°°°°°°°°°°°°°°°°°°°°°°°°°°°°°°°°°°°°
  
[2022-10-18T19:59:59.275] [INFO] default - CONNECTION TO PORT : 8000 WAS A SUCCESS
[2022-10-18T20:00:00.263] [INFO] default - 
  °°°°°°°°°°°°°°°°°°°°°°°°°°°°°°°°°°°°°°°°°°°°

      Running in PORT: :8000      

  °°°°°°°°°°°°°°°°°°°°°°°°°°°°°°°°°°°°°°°°°°°°
  
[2022-10-18T20:00:00.265] [INFO] default - CONNECTION TO PORT : 8000 WAS A SUCCESS
[2022-10-18T20:00:01.982] [INFO] default - 
      °°°°°°°°°°°°°°°°°°
     |                  |              
     |     CONNECTED    |
     |                  |                          
      °°°°°°°°°°°°°°°°°°
          
[2022-10-18T20:00:15.140] [INFO] default - 
  °°°°°°°°°°°°°°°°°°°°°°°°°°°°°°°°°°°°°°°°°°°°

      Running in PORT: :8000      

  °°°°°°°°°°°°°°°°°°°°°°°°°°°°°°°°°°°°°°°°°°°°
  
[2022-10-18T20:00:15.142] [INFO] default - CONNECTION TO PORT : 8000 WAS A SUCCESS
[2022-10-18T20:00:16.886] [INFO] default - 
      °°°°°°°°°°°°°°°°°°
     |                  |              
     |     CONNECTED    |
     |                  |                          
      °°°°°°°°°°°°°°°°°°
          
[2022-10-18T20:00:17.826] [INFO] default - 
  °°°°°°°°°°°°°°°°°°°°°°°°°°°°°°°°°°°°°°°°°°°°

      Running in PORT: :8000      

  °°°°°°°°°°°°°°°°°°°°°°°°°°°°°°°°°°°°°°°°°°°°
  
[2022-10-18T20:00:17.828] [INFO] default - CONNECTION TO PORT : 8000 WAS A SUCCESS
[2022-10-18T20:00:19.443] [INFO] default - 
  °°°°°°°°°°°°°°°°°°°°°°°°°°°°°°°°°°°°°°°°°°°°

      Running in PORT: :8000      

  °°°°°°°°°°°°°°°°°°°°°°°°°°°°°°°°°°°°°°°°°°°°
  
[2022-10-18T20:00:19.445] [INFO] default - CONNECTION TO PORT : 8000 WAS A SUCCESS
[2022-10-18T20:00:21.158] [INFO] default - 
      °°°°°°°°°°°°°°°°°°
     |                  |              
     |     CONNECTED    |
     |                  |                          
      °°°°°°°°°°°°°°°°°°
          
[2022-10-18T20:00:23.414] [INFO] default - 
  °°°°°°°°°°°°°°°°°°°°°°°°°°°°°°°°°°°°°°°°°°°°

      Running in PORT: :8000      

  °°°°°°°°°°°°°°°°°°°°°°°°°°°°°°°°°°°°°°°°°°°°
  
[2022-10-18T20:00:23.416] [INFO] default - CONNECTION TO PORT : 8000 WAS A SUCCESS
[2022-10-18T20:00:25.132] [INFO] default - 
      °°°°°°°°°°°°°°°°°°
     |                  |              
     |     CONNECTED    |
     |                  |                          
      °°°°°°°°°°°°°°°°°°
          
[2022-10-18T20:00:27.649] [INFO] default - 
  °°°°°°°°°°°°°°°°°°°°°°°°°°°°°°°°°°°°°°°°°°°°

      Running in PORT: :8000      

  °°°°°°°°°°°°°°°°°°°°°°°°°°°°°°°°°°°°°°°°°°°°
  
[2022-10-18T20:00:27.651] [INFO] default - CONNECTION TO PORT : 8000 WAS A SUCCESS
[2022-10-18T20:00:29.352] [INFO] default - 
      °°°°°°°°°°°°°°°°°°
     |                  |              
     |     CONNECTED    |
     |                  |                          
      °°°°°°°°°°°°°°°°°°
          
[2022-10-18T20:00:32.647] [INFO] default - 
  °°°°°°°°°°°°°°°°°°°°°°°°°°°°°°°°°°°°°°°°°°°°

      Running in PORT: :8000      

  °°°°°°°°°°°°°°°°°°°°°°°°°°°°°°°°°°°°°°°°°°°°
  
[2022-10-18T20:00:32.649] [INFO] default - CONNECTION TO PORT : 8000 WAS A SUCCESS
[2022-10-18T20:00:34.362] [INFO] default - 
      °°°°°°°°°°°°°°°°°°
     |                  |              
     |     CONNECTED    |
     |                  |                          
      °°°°°°°°°°°°°°°°°°
          
[2022-10-18T20:00:35.824] [INFO] default - 
  °°°°°°°°°°°°°°°°°°°°°°°°°°°°°°°°°°°°°°°°°°°°

      Running in PORT: :8000      

  °°°°°°°°°°°°°°°°°°°°°°°°°°°°°°°°°°°°°°°°°°°°
  
[2022-10-18T20:00:35.826] [INFO] default - CONNECTION TO PORT : 8000 WAS A SUCCESS
[2022-10-18T20:00:37.525] [INFO] default - 
      °°°°°°°°°°°°°°°°°°
     |                  |              
     |     CONNECTED    |
     |                  |                          
      °°°°°°°°°°°°°°°°°°
          
[2022-10-18T20:00:40.789] [INFO] default - 
  °°°°°°°°°°°°°°°°°°°°°°°°°°°°°°°°°°°°°°°°°°°°

      Running in PORT: :8000      

  °°°°°°°°°°°°°°°°°°°°°°°°°°°°°°°°°°°°°°°°°°°°
  
[2022-10-18T20:00:40.791] [INFO] default - CONNECTION TO PORT : 8000 WAS A SUCCESS
[2022-10-18T20:00:42.484] [INFO] default - 
      °°°°°°°°°°°°°°°°°°
     |                  |              
     |     CONNECTED    |
     |                  |                          
      °°°°°°°°°°°°°°°°°°
          
[2022-10-18T20:00:43.155] [INFO] default - 
  °°°°°°°°°°°°°°°°°°°°°°°°°°°°°°°°°°°°°°°°°°°°

      Running in PORT: :8000      

  °°°°°°°°°°°°°°°°°°°°°°°°°°°°°°°°°°°°°°°°°°°°
  
[2022-10-18T20:00:43.157] [INFO] default - CONNECTION TO PORT : 8000 WAS A SUCCESS
[2022-10-18T20:00:44.881] [INFO] default - 
      °°°°°°°°°°°°°°°°°°
     |                  |              
     |     CONNECTED    |
     |                  |                          
      °°°°°°°°°°°°°°°°°°
          
[2022-10-18T20:07:29.848] [INFO] default - 
  °°°°°°°°°°°°°°°°°°°°°°°°°°°°°°°°°°°°°°°°°°°°

      Running in PORT: :8000      

  °°°°°°°°°°°°°°°°°°°°°°°°°°°°°°°°°°°°°°°°°°°°
  
[2022-10-18T20:07:29.850] [INFO] default - CONNECTION TO PORT : 8000 WAS A SUCCESS
[2022-10-18T20:07:31.923] [INFO] default - 
      °°°°°°°°°°°°°°°°°°
     |                  |              
     |     CONNECTED    |
     |                  |                          
      °°°°°°°°°°°°°°°°°°
          
[2022-10-18T20:10:07.211] [INFO] default - 
  °°°°°°°°°°°°°°°°°°°°°°°°°°°°°°°°°°°°°°°°°°°°

      Running in PORT: :8000      

  °°°°°°°°°°°°°°°°°°°°°°°°°°°°°°°°°°°°°°°°°°°°
  
[2022-10-18T20:10:07.213] [INFO] default - CONNECTION TO PORT : 8000 WAS A SUCCESS
[2022-10-18T20:10:09.174] [INFO] default - 
      °°°°°°°°°°°°°°°°°°
     |                  |              
     |     CONNECTED    |
     |                  |                          
      °°°°°°°°°°°°°°°°°°
          
[2022-10-18T20:10:10.525] [INFO] default - 
  °°°°°°°°°°°°°°°°°°°°°°°°°°°°°°°°°°°°°°°°°°°°

      Running in PORT: :8000      

  °°°°°°°°°°°°°°°°°°°°°°°°°°°°°°°°°°°°°°°°°°°°
  
[2022-10-18T20:10:10.527] [INFO] default - CONNECTION TO PORT : 8000 WAS A SUCCESS
[2022-10-18T20:10:12.429] [INFO] default - 
      °°°°°°°°°°°°°°°°°°
     |                  |              
     |     CONNECTED    |
     |                  |                          
      °°°°°°°°°°°°°°°°°°
          
[2022-10-18T20:10:25.798] [INFO] default - 
  °°°°°°°°°°°°°°°°°°°°°°°°°°°°°°°°°°°°°°°°°°°°

      Running in PORT: :8000      

  °°°°°°°°°°°°°°°°°°°°°°°°°°°°°°°°°°°°°°°°°°°°
  
[2022-10-18T20:10:25.800] [INFO] default - CONNECTION TO PORT : 8000 WAS A SUCCESS
[2022-10-18T20:10:27.542] [INFO] default - 
      °°°°°°°°°°°°°°°°°°
     |                  |              
     |     CONNECTED    |
     |                  |                          
      °°°°°°°°°°°°°°°°°°
          
[2022-10-18T20:14:35.493] [INFO] default - 
  °°°°°°°°°°°°°°°°°°°°°°°°°°°°°°°°°°°°°°°°°°°°

      Running in PORT: :5000      

  °°°°°°°°°°°°°°°°°°°°°°°°°°°°°°°°°°°°°°°°°°°°
  
[2022-10-18T20:14:35.495] [INFO] default - CONNECTION TO PORT : 5000 WAS A SUCCESS
[2022-10-18T20:14:37.539] [INFO] default - 
      °°°°°°°°°°°°°°°°°°
     |                  |              
     |     CONNECTED    |
     |                  |                          
      °°°°°°°°°°°°°°°°°°
          
[2022-10-18T20:14:45.271] [INFO] default - 
  °°°°°°°°°°°°°°°°°°°°°°°°°°°°°°°°°°°°°°°°°°°°

      Running in PORT: :8000      

  °°°°°°°°°°°°°°°°°°°°°°°°°°°°°°°°°°°°°°°°°°°°
  
[2022-10-18T20:14:45.273] [INFO] default - CONNECTION TO PORT : 8000 WAS A SUCCESS
[2022-10-18T20:14:47.113] [INFO] default - 
      °°°°°°°°°°°°°°°°°°
     |                  |              
     |     CONNECTED    |
     |                  |                          
      °°°°°°°°°°°°°°°°°°
          
[2022-10-18T20:18:36.040] [INFO] default - 
  °°°°°°°°°°°°°°°°°°°°°°°°°°°°°°°°°°°°°°°°°°°°

      Running in PORT: :5000      

  °°°°°°°°°°°°°°°°°°°°°°°°°°°°°°°°°°°°°°°°°°°°
  
[2022-10-18T20:18:36.042] [INFO] default - CONNECTION TO PORT : 5000 WAS A SUCCESS
[2022-10-18T20:18:38.164] [INFO] default - 
      °°°°°°°°°°°°°°°°°°
     |                  |              
     |     CONNECTED    |
     |                  |                          
      °°°°°°°°°°°°°°°°°°
          
[2022-10-18T20:19:17.929] [INFO] default - 
  °°°°°°°°°°°°°°°°°°°°°°°°°°°°°°°°°°°°°°°°°°°°

      Running in PORT: :5000      

  °°°°°°°°°°°°°°°°°°°°°°°°°°°°°°°°°°°°°°°°°°°°
  
[2022-10-18T20:19:17.932] [INFO] default - CONNECTION TO PORT : 5000 WAS A SUCCESS
[2022-10-18T20:19:19.645] [INFO] default - 
      °°°°°°°°°°°°°°°°°°
     |                  |              
     |     CONNECTED    |
     |                  |                          
      °°°°°°°°°°°°°°°°°°
          
[2022-10-18T20:19:53.177] [WARN] default - { message: 'USER ALREADY REGISTERED' }
[2022-10-18T20:20:35.895] [INFO] default - 
  °°°°°°°°°°°°°°°°°°°°°°°°°°°°°°°°°°°°°°°°°°°°

      Running in PORT: :5000      

  °°°°°°°°°°°°°°°°°°°°°°°°°°°°°°°°°°°°°°°°°°°°
  
[2022-10-18T20:20:35.897] [INFO] default - CONNECTION TO PORT : 5000 WAS A SUCCESS
[2022-10-18T20:20:37.816] [INFO] default - 
      °°°°°°°°°°°°°°°°°°
     |                  |              
     |     CONNECTED    |
     |                  |                          
      °°°°°°°°°°°°°°°°°°
          
[2022-10-18T20:21:10.533] [INFO] default - NUEVO USUARIO CONECTADO
[2022-10-18T20:21:26.814] [INFO] default - NUEVO USUARIO CONECTADO
[2022-10-18T20:21:42.696] [INFO] default - NUEVO USUARIO CONECTADO
[2022-10-18T20:21:58.213] [INFO] default - NUEVO USUARIO CONECTADO
[2022-10-18T20:22:18.989] [INFO] default - NUEVO USUARIO CONECTADO
[2022-10-18T20:22:25.140] [INFO] default - NUEVO USUARIO CONECTADO
[2022-10-18T20:22:37.421] [INFO] default - Anna@gmail.com PURCHASE WAS A SUCCESS
[2022-10-18T20:23:21.759] [INFO] default - Connected as Admin
[2022-10-18T20:24:19.881] [INFO] default - Connected as Admin
[2022-10-18T20:24:20.256] [INFO] default - Added succesfully GAMER COMPUTER I7 with id: c94bc5d6-022a-404c-874c-7bf1c6ee60e2
[2022-10-18T20:27:07.396] [INFO] default - OtarKebadze90@gmail.com PURCHASE WAS A SUCCESS
[2022-10-18T20:27:57.667] [WARN] default - QUANTITY MUST BE HIGHER THAN 0
[2022-10-18T20:27:57.668] [ERROR] default - PLEASE INTRODUCE QUANTITY AGAIN
[2022-10-18T20:28:16.729] [INFO] default - OtarKebadze90@gmail.com PURCHASE WAS A SUCCESS
[2022-10-18T20:28:23.201] [INFO] default - NUEVO USUARIO CONECTADO
